<?xml version="1.0" encoding="UTF-8"?>
<!-- Generated by org.testng.reporters.JUnitReportReporter -->
<testsuite skipped="0" hostname="IN5CG9292KLF" name="com.practiceCuSe1.qa.runners.TestRunnerChrome" tests="1" failures="0" timestamp="2020-04-27T19:26:14 IST" time="60.934" errors="0">
  <testcase name="feature" time="60.934" classname="com.practiceCuSe1.qa.runners.TestRunnerChrome"/>
  <system-out>
Starting test isfeature Test passed isfeature  </system-out>
</testsuite> <!-- com.practiceCuSe1.qa.runners.TestRunnerChrome -->
