<?xml version="1.0" encoding="UTF-8"?>
<!-- Generated by org.testng.reporters.JUnitReportReporter -->
<testsuite skipped="0" hostname="IN5CG9292KLF" name="com.practiceCuSe1.qa.runners.TestRunnerChrome" tests="1" failures="0" timestamp="2020-05-16T10:29:28 IST" time="29.484" errors="0">
  <testcase name="feature" time="29.484" classname="com.practiceCuSe1.qa.runners.TestRunnerChrome"/>
</testsuite> <!-- com.practiceCuSe1.qa.runners.TestRunnerChrome -->
